<?xml version="1.0" encoding="UTF-8"?>
<!-- Generated by org.testng.reporters.JUnitReportReporter -->
<testsuite hostname="LAPTOP-5OQ7G3CN" failures="0" tests="8" name="Project.Webmath.launch" time="83.462" errors="0" timestamp="2023-06-26T05:39:38 IST" skipped="0">
  <testcase classname="Project.Webmath.launch" name="add" time="10.750"/>
  <system-out/>
  <testcase classname="Project.Webmath.launch" name="sub" time="9.588"/>
  <system-out/>
  <testcase classname="Project.Webmath.launch" name="mul" time="13.561"/>
  <system-out/>
  <testcase classname="Project.Webmath.launch" name="div" time="11.401"/>
  <system-out/>
  <testcase classname="Project.Webmath.launch" name="place" time="9.753"/>
  <system-out/>
  <testcase classname="Project.Webmath.launch" name="roun" time="9.371"/>
  <system-out/>
  <testcase classname="Project.Webmath.launch" name="Eline" time="9.466"/>
  <system-out/>
  <testcase classname="Project.Webmath.launch" name="compare" time="9.572"/>
  <system-out/>
</testsuite> <!-- Project.Webmath.launch -->
