<?xml version="1.0" encoding="UTF-8"?>
<!-- Generated by org.testng.reporters.JUnitReportReporter -->
<testsuite hostname="LAPTOP-5OQ7G3CN" failures="0" tests="2" name="Project.Webmath.RatiosTest" time="21.170" errors="0" timestamp="2023-06-26T05:39:38 IST" skipped="0">
  <testcase classname="Project.Webmath.RatiosTest" name="lTest" time="9.882"/>
  <system-out/>
  <testcase classname="Project.Webmath.RatiosTest" name="pro" time="11.288"/>
  <system-out/>
</testsuite> <!-- Project.Webmath.RatiosTest -->
