<?xml version="1.0" encoding="UTF-8"?>
<!-- Generated by org.testng.reporters.JUnitReportReporter -->
<testsuite hostname="LAPTOP-5OQ7G3CN" failures="0" tests="2" name="Project.Webmath.FractionsTest" time="21.876" errors="0" timestamp="2023-06-26T05:39:38 IST" skipped="0">
  <testcase classname="Project.Webmath.FractionsTest" name="fra" time="10.059"/>
  <system-out/>
  <testcase classname="Project.Webmath.FractionsTest" name="Cfra" time="11.817"/>
  <system-out/>
</testsuite> <!-- Project.Webmath.FractionsTest -->
