<?xml version="1.0" encoding="UTF-8"?>
<!-- Generated by org.testng.reporters.JUnitReportReporter -->
<testsuite hostname="LAPTOP-5OQ7G3CN" failures="0" tests="4" name="Project.Webmath.OtherStuffTest" time="72.263" errors="0" timestamp="2023-06-26T05:39:38 IST" skipped="0">
  <testcase classname="Project.Webmath.OtherStuffTest" name="lTest" time="41.965"/>
  <system-out/>
  <testcase classname="Project.Webmath.OtherStuffTest" name="rect" time="10.447"/>
  <system-out/>
  <testcase classname="Project.Webmath.OtherStuffTest" name="TIME" time="10.152"/>
  <system-out/>
  <testcase classname="Project.Webmath.OtherStuffTest" name="com" time="9.699"/>
  <system-out/>
</testsuite> <!-- Project.Webmath.OtherStuffTest -->
